Determining if the pthread_create exist failed with the following output:
Change Dir: /home/john/robot_sanitization/build/CMakeFiles/CMakeTmp

Run Build Command:"/usr/bin/make" "cmTC_ffc0d/fast"
/usr/bin/make -f CMakeFiles/cmTC_ffc0d.dir/build.make CMakeFiles/cmTC_ffc0d.dir/build
make[1]: Entering directory '/home/john/robot_sanitization/build/CMakeFiles/CMakeTmp'
Building C object CMakeFiles/cmTC_ffc0d.dir/CheckSymbolExists.c.o
/usr/bin/cc    -o CMakeFiles/cmTC_ffc0d.dir/CheckSymbolExists.c.o   -c /home/john/robot_sanitization/build/CMakeFiles/CMakeTmp/CheckSymbolExists.c
Linking C executable cmTC_ffc0d
/usr/bin/cmake -E cmake_link_script CMakeFiles/cmTC_ffc0d.dir/link.txt --verbose=1
/usr/bin/cc      -rdynamic CMakeFiles/cmTC_ffc0d.dir/CheckSymbolExists.c.o  -o cmTC_ffc0d 
CMakeFiles/cmTC_ffc0d.dir/CheckSymbolExists.c.o: In function `main':
CheckSymbolExists.c:(.text+0x1b): undefined reference to `pthread_create'
collect2: error: ld returned 1 exit status
CMakeFiles/cmTC_ffc0d.dir/build.make:97: recipe for target 'cmTC_ffc0d' failed
make[1]: *** [cmTC_ffc0d] Error 1
make[1]: Leaving directory '/home/john/robot_sanitization/build/CMakeFiles/CMakeTmp'
Makefile:126: recipe for target 'cmTC_ffc0d/fast' failed
make: *** [cmTC_ffc0d/fast] Error 2

File /home/john/robot_sanitization/build/CMakeFiles/CMakeTmp/CheckSymbolExists.c:
/* */
#include <pthread.h>

int main(int argc, char** argv)
{
  (void)argv;
#ifndef pthread_create
  return ((int*)(&pthread_create))[argc];
#else
  (void)argc;
  return 0;
#endif
}

Determining if the function pthread_create exists in the pthreads failed with the following output:
Change Dir: /home/john/robot_sanitization/build/CMakeFiles/CMakeTmp

Run Build Command:"/usr/bin/make" "cmTC_e1edd/fast"
/usr/bin/make -f CMakeFiles/cmTC_e1edd.dir/build.make CMakeFiles/cmTC_e1edd.dir/build
make[1]: Entering directory '/home/john/robot_sanitization/build/CMakeFiles/CMakeTmp'
Building C object CMakeFiles/cmTC_e1edd.dir/CheckFunctionExists.c.o
/usr/bin/cc   -DCHECK_FUNCTION_EXISTS=pthread_create   -o CMakeFiles/cmTC_e1edd.dir/CheckFunctionExists.c.o   -c /usr/share/cmake-3.10/Modules/CheckFunctionExists.c
Linking C executable cmTC_e1edd
/usr/bin/cmake -E cmake_link_script CMakeFiles/cmTC_e1edd.dir/link.txt --verbose=1
/usr/bin/cc  -DCHECK_FUNCTION_EXISTS=pthread_create    -rdynamic CMakeFiles/cmTC_e1edd.dir/CheckFunctionExists.c.o  -o cmTC_e1edd -lpthreads 
/usr/bin/ld: cannot find -lpthreads
collect2: error: ld returned 1 exit status
CMakeFiles/cmTC_e1edd.dir/build.make:97: recipe for target 'cmTC_e1edd' failed
make[1]: *** [cmTC_e1edd] Error 1
make[1]: Leaving directory '/home/john/robot_sanitization/build/CMakeFiles/CMakeTmp'
Makefile:126: recipe for target 'cmTC_e1edd/fast' failed
make: *** [cmTC_e1edd/fast] Error 2


